<?xml version="1.0" encoding="UTF-8"?>
<!-- Generated by org.testng.reporters.JUnitXMLReporter -->
<testsuite ignored="1" hostname="LAPTOP-9AQ3696Q" failures="0" tests="1" name="DataDriven-by-Jagadeesh" time="7.504" errors="0" timestamp="2026-04-21T15:33:41 IST">
  <testcase classname="testcases.CrexPageTest" name="testTheIPL2026TableValues" time="4.552"/>
  <testcase classname="testcases.CrexPageTest" name="testRohitScoreFromTheTable" time="0.0">
    <ignored/>
  </testcase> <!-- testRohitScoreFromTheTable -->
</testsuite> <!-- DataDriven-by-Jagadeesh -->
