<?xml version="1.0" encoding="UTF-8"?>
<testng-results ignored="1" total="2" passed="1" failed="0" skipped="0">
  <reporter-output>
  </reporter-output>
  <suite started-at="2026-04-21T15:33:33 IST" name="Default Suite" finished-at="2026-04-21T15:33:41 IST" duration-ms="7504">
    <groups>
    </groups>
    <test started-at="2026-04-21T15:33:33 IST" name="DataDriven-by-Jagadeesh" finished-at="2026-04-21T15:33:41 IST" duration-ms="7504">
      <class name="testcases.CrexPageTest">
        <test-method is-config="true" signature="browserLaunch()[pri:0, instance:testcases.CrexPageTest@3e92efc3]" started-at="2026-04-21T15:33:33 IST" name="browserLaunch" finished-at="2026-04-21T15:33:35 IST" duration-ms="1478" status="PASS">
          <reporter-output>
          </reporter-output>
        </test-method> <!-- browserLaunch -->
        <test-method is-config="true" signature="navigateTo()[pri:0, instance:testcases.CrexPageTest@3e92efc3]" started-at="2026-04-21T15:33:35 IST" name="navigateTo" finished-at="2026-04-21T15:33:36 IST" duration-ms="1160" status="PASS">
          <reporter-output>
          </reporter-output>
        </test-method> <!-- navigateTo -->
        <test-method signature="testTheIPL2026TableValues()[pri:0, instance:testcases.CrexPageTest@3e92efc3]" started-at="2026-04-21T15:33:36 IST" name="testTheIPL2026TableValues" finished-at="2026-04-21T15:33:41 IST" duration-ms="4552" status="PASS">
          <reporter-output>
          </reporter-output>
        </test-method> <!-- testTheIPL2026TableValues -->
        <test-method is-config="true" signature="closeBrowser()[pri:0, instance:testcases.CrexPageTest@3e92efc3]" started-at="2026-04-21T15:33:41 IST" name="closeBrowser" finished-at="2026-04-21T15:33:41 IST" duration-ms="290" status="PASS">
          <reporter-output>
          </reporter-output>
        </test-method> <!-- closeBrowser -->
      </class> <!-- testcases.CrexPageTest -->
    </test> <!-- DataDriven-by-Jagadeesh -->
  </suite> <!-- Default Suite -->
</testng-results>
